# JRE version: OpenJDK Runtime Environment Temurin-25.0.2+10 (25.0.2+10) (build 25.0.2+10-LTS)
# Java VM: OpenJDK 64-Bit Server VM Temurin-25.0.2+10 (25.0.2+10-LTS, mixed mode, tiered, compressed oops, compressed class ptrs, g1 gc, windows-amd64)
GC Precious Log:
 CardTable entry size: 512
 Card Set container configuration: InlinePtr #cards 4 size 8 Array Of Cards #cards 16 size 48 Howl #buckets 8 coarsen threshold 3686 Howl Bitmap #cards 512 size 80 coarsen threshold 460 Card regions per heap region 1 cards per card region 4096
 CPUs: 8 total, 8 available
 Memory: 16090M
 Large Page Support: Disabled
 NUMA Support: Disabled
 Compressed Oops: Enabled (Zero based)
 Heap Region Size: 2M
 Heap Min Capacity: 8M
 Heap Initial Capacity: 252M
 Heap Max Capacity: 4G
 Pre-touch: Disabled
 Parallel Workers: 8
 Concurrent Workers: 2
 Concurrent Refinement Workers: 8
 Periodic GC: Disabled
Heap:
 garbage-first heap   total reserved 4194304K, committed 518144K, used 354314K [0x0000000700000000, 0x0000000800000000)
  region size 2048K, 11 young (22528K), 4 survivors (8192K)
GC Heap Usage History (20 events):
Event: 44207.954 {heap Before GC invocations=98 (full 0):
 garbage-first heap   total reserved 4194304K, committed 362496K, used 340052K [0x0000000700000000, 0x0000000800000000)
  region size 2048K, 72 young (147456K), 1 survivors (2048K)
}
Event: 44207.958 {heap After GC invocations=99 (full 0):
 garbage-first heap   total reserved 4194304K, committed 362496K, used 195066K [0x0000000700000000, 0x0000000800000000)
  region size 2048K, 1 young (2048K), 1 survivors (2048K)
}
Event: 46132.992 {heap Before GC invocations=100 (full 0):
 garbage-first heap   total reserved 4194304K, committed 362496K, used 338426K [0x0000000700000000, 0x0000000800000000)
  region size 2048K, 71 young (145408K), 1 survivors (2048K)
}
Event: 46132.995 {heap After GC invocations=101 (full 0):
 garbage-first heap   total reserved 4194304K, committed 362496K, used 195123K [0x0000000700000000, 0x0000000800000000)
  region size 2048K, 1 young (2048K), 1 survivors (2048K)
}
Event: 48083.023 {heap Before GC invocations=101 (full 0):
 garbage-first heap   total reserved 4194304K, committed 362496K, used 336435K [0x0000000700000000, 0x0000000800000000)
  region size 2048K, 71 young (145408K), 1 survivors (2048K)
}
Event: 48083.032 {heap After GC invocations=102 (full 0):
 garbage-first heap   total reserved 4194304K, committed 362496K, used 193632K [0x0000000700000000, 0x0000000800000000)
  region size 2048K, 1 young (2048K), 1 survivors (2048K)
}
Event: 50034.029 {heap Before GC invocations=102 (full 0):
 garbage-first heap   total reserved 4194304K, committed 362496K, used 339040K [0x0000000700000000, 0x0000000800000000)
  region size 2048K, 72 young (147456K), 1 survivors (2048K)
}
Event: 50034.034 {heap After GC invocations=103 (full 0):
 garbage-first heap   total reserved 4194304K, committed 362496K, used 193686K [0x0000000700000000, 0x0000000800000000)
  region size 2048K, 1 young (2048K), 1 survivors (2048K)
}
Event: 52014.523 {heap Before GC invocations=104 (full 0):
 garbage-first heap   total reserved 4194304K, committed 362496K, used 339094K [0x0000000700000000, 0x0000000800000000)
  region size 2048K, 72 young (147456K), 1 survivors (2048K)
}
Event: 52014.525 {heap After GC invocations=105 (full 0):
 garbage-first heap   total reserved 4194304K, committed 362496K, used 193706K [0x0000000700000000, 0x0000000800000000)
  region size 2048K, 1 young (2048K), 1 survivors (2048K)
}
Event: 53979.285 {heap Before GC invocations=105 (full 0):
 garbage-first heap   total reserved 4194304K, committed 362496K, used 339114K [0x0000000700000000, 0x0000000800000000)
  region size 2048K, 72 young (147456K), 1 survivors (2048K)
}
Event: 53979.290 {heap After GC invocations=106 (full 0):
 garbage-first heap   total reserved 4194304K, committed 362496K, used 192341K [0x0000000700000000, 0x0000000800000000)
  region size 2048K, 1 young (2048K), 1 survivors (2048K)
}
Event: 55975.603 {heap Before GC invocations=106 (full 0):
 garbage-first heap   total reserved 4194304K, committed 362496K, used 339797K [0x0000000700000000, 0x0000000800000000)
  region size 2048K, 73 young (149504K), 1 survivors (2048K)
}
Event: 55975.605 {heap After GC invocations=107 (full 0):
 garbage-first heap   total reserved 4194304K, committed 362496K, used 192459K [0x0000000700000000, 0x0000000800000000)
  region size 2048K, 1 young (2048K), 1 survivors (2048K)
}
Event: 57947.490 {heap Before GC invocations=108 (full 0):
 garbage-first heap   total reserved 4194304K, committed 362496K, used 339915K [0x0000000700000000, 0x0000000800000000)
  region size 2048K, 73 young (149504K), 1 survivors (2048K)
}
Event: 57947.492 {heap After GC invocations=109 (full 0):
 garbage-first heap   total reserved 4194304K, committed 362496K, used 192437K [0x0000000700000000, 0x0000000800000000)
  region size 2048K, 1 young (2048K), 1 survivors (2048K)
}
Event: 59928.466 {heap Before GC invocations=109 (full 0):
 garbage-first heap   total reserved 4194304K, committed 362496K, used 339893K [0x0000000700000000, 0x0000000800000000)
  region size 2048K, 73 young (149504K), 1 survivors (2048K)
}
Event: 59928.476 {heap After GC invocations=110 (full 0):
 garbage-first heap   total reserved 4194304K, committed 362496K, used 191907K [0x0000000700000000, 0x0000000800000000)
  region size 2048K, 1 young (2048K), 1 survivors (2048K)
}
Event: 60621.110 {heap Before GC invocations=110 (full 0):
 garbage-first heap   total reserved 4194304K, committed 362496K, used 257443K [0x0000000700000000, 0x0000000800000000)
  region size 2048K, 34 young (69632K), 1 survivors (2048K)
}
Event: 60621.124 {heap After GC invocations=111 (full 0):
 garbage-first heap   total reserved 4194304K, committed 362496K, used 198666K [0x0000000700000000, 0x0000000800000000)
  region size 2048K, 4 young (8192K), 4 survivors (8192K)
}

